2020-11-03 11:43:42,318 [INFO    ] 16912 16128 unicorn_binance_websocket_api_manager: New instance of unicorn-binance-websocket-api_1.26.0-python_3.7.6 started ...
2020-11-03 11:43:42,320 [INFO    ] 16912 12304 unicorn_binance_websocket_api_manager: BinanceWebSocketApiManager._frequent_checks() new instance created with frequent_checks_id=1604421822.3198633
2020-11-03 11:43:42,320 [INFO    ] 16912 16452 unicorn_binance_websocket_api_manager: BinanceWebSocketApiManager._keepalive_streams() new instance created with keepalive_streams_id=1604421822.3208644
2020-11-03 11:43:42,651 [INFO    ] 16912 16128 unicorn_binance_websocket_api_manager: BinanceWebSocketApiManager.create_stream({'aggTrade'}, ['btcusdt'], None, False, False) with stream_id=866aab71-33a5-45bb-9a42-ef9f9adc668e
2020-11-03 11:43:42,652 [INFO    ] 16912 16128 unicorn_binance_websocket_api_manager: BinanceWebSocketApiManager._add_stream_to_stream_list(866aab71-33a5-45bb-9a42-ef9f9adc668e, {'aggTrade'}, ['btcusdt'], None, False, False)
2020-11-03 11:43:42,654 [INFO    ] 16912 3596 unicorn_binance_websocket_api_socket: BinanceWebSocketApiSocket.start_socket(866aab71-33a5-45bb-9a42-ef9f9adc668e, {'aggTrade'}, ['btcusdt']) socket_id=e1801801-0e69-4686-96a2-104ea0d2182b recent_socket_id=e1801801-0e69-4686-96a2-104ea0d2182b
2020-11-03 11:43:42,654 [INFO    ] 16912 3596 unicorn_binance_websocket_api_manager: BinanceWebSocketApiManager.subscribe_to_stream(866aab71-33a5-45bb-9a42-ef9f9adc668e, {'aggTrade'}, ['btcusdt']) started ...
2020-11-03 11:43:42,654 [INFO    ] 16912 3596 unicorn_binance_websocket_api_manager: BinanceWebSocketApiManager.create_payload(866aab71-33a5-45bb-9a42-ef9f9adc668e, ['aggTrade'], ['btcusdt']) started ...
2020-11-03 11:43:42,654 [INFO    ] 16912 3596 unicorn_binance_websocket_api_manager: BinanceWebSocketApiManager.create_payload(866aab71-33a5-45bb-9a42-ef9f9adc668e, ['aggTrade'], ['btcusdt']) Payload: [{'method': 'SUBSCRIBE', 'params': ['btcusdt@aggTrade'], 'id': 1}]
2020-11-03 11:43:42,654 [INFO    ] 16912 3596 unicorn_binance_websocket_api_manager: BinanceWebSocketApiManager.create_payload(866aab71-33a5-45bb-9a42-ef9f9adc668e, ['aggTrade'], ['btcusdt']) finished ...
2020-11-03 11:43:42,655 [INFO    ] 16912 3596 unicorn_binance_websocket_api_manager: BinanceWebSocketApiManager.subscribe_to_stream(866aab71-33a5-45bb-9a42-ef9f9adc668e, ['aggTrade'], ['btcusdt']) finished ...
2020-11-03 11:43:42,655 [INFO    ] 16912 3596 unicorn_binance_websocket_api_manager: BinanceWebSocketApiManager.create_websocket_uri({'aggTrade'}, ['btcusdt'], , False) - Created websocket URI for stream_id=866aab71-33a5-45bb-9a42-ef9f9adc668e is wss://fstream.binance.com/stream?streams=btcusdt@aggTrade
2020-11-03 11:43:43,506 [INFO    ] 16912 3596 unicorn_binance_websocket_api_socket: BinanceWebSocketApiSocket.start_socket(866aab71-33a5-45bb-9a42-ef9f9adc668e, {'aggTrade'}, ['btcusdt'] socket_id=e1801801-0e69-4686-96a2-104ea0d2182b recent_socket_id=e1801801-0e69-4686-96a2-104ea0d2182b - Sending payload started ...
2020-11-03 11:43:43,506 [INFO    ] 16912 3596 unicorn_binance_websocket_api_socket: BinanceWebSocketApiSocket.start_socket(866aab71-33a5-45bb-9a42-ef9f9adc668e, {'aggTrade'}, ['btcusdt'] - Sending payload: {'method': 'SUBSCRIBE', 'params': ['btcusdt@aggTrade'], 'id': 1}
2020-11-03 11:43:43,842 [INFO    ] 16912 3596 unicorn_binance_websocket_api_socket: BinanceWebSocketApiSocket.start_socket(866aab71-33a5-45bb-9a42-ef9f9adc668e) - Received result message: {"id":1,"result":null}
2020-11-03 11:43:44,138 [INFO    ] 16912 12304 unicorn_binance_websocket_api_manager: BinanceWebSocketApiManager._frequent_checks() - reached new `highest_receiving_speed` 302 B/s at 2020-11-03, 16:43:44 UTC
2020-11-03 11:43:45,041 [INFO    ] 16912 12304 unicorn_binance_websocket_api_manager: BinanceWebSocketApiManager._frequent_checks() - reached new `highest_receiving_speed` 921 B/s at 2020-11-03, 16:43:45 UTC
2020-11-03 11:44:18,176 [INFO    ] 16912 12304 unicorn_binance_websocket_api_manager: BinanceWebSocketApiManager._frequent_checks() - reached new `highest_receiving_speed` 1.13 kB/s at 2020-11-03, 16:44:18 UTC
2020-11-03 11:44:21,188 [INFO    ] 16912 12304 unicorn_binance_websocket_api_manager: BinanceWebSocketApiManager._frequent_checks() - reached new `highest_receiving_speed` 4.06 kB/s at 2020-11-03, 16:44:21 UTC
2020-11-03 11:44:22,093 [INFO    ] 16912 12304 unicorn_binance_websocket_api_manager: BinanceWebSocketApiManager._frequent_checks() - reached new `highest_receiving_speed` 5.64 kB/s at 2020-11-03, 16:44:22 UTC
2020-11-03 11:44:30,227 [INFO    ] 16912 12304 unicorn_binance_websocket_api_manager: BinanceWebSocketApiManager._frequent_checks() - reached new `highest_receiving_speed` 6.76 kB/s at 2020-11-03, 16:44:30 UTC
2020-11-03 11:45:44,032 [INFO    ] 16912 12304 unicorn_binance_websocket_api_manager: BinanceWebSocketApiManager._frequent_checks() - reached new `highest_receiving_speed` 11.73 kB/s at 2020-11-03, 16:45:44 UTC
2020-11-03 11:46:39,886 [INFO    ] 10196 10948 unicorn_binance_websocket_api_manager: New instance of unicorn-binance-websocket-api_1.26.0-python_3.7.6 started ...
2020-11-03 11:46:39,888 [INFO    ] 10196 14068 unicorn_binance_websocket_api_manager: BinanceWebSocketApiManager._frequent_checks() new instance created with frequent_checks_id=1604421999.8883986
2020-11-03 11:46:39,888 [INFO    ] 10196 6700 unicorn_binance_websocket_api_manager: BinanceWebSocketApiManager._keepalive_streams() new instance created with keepalive_streams_id=1604421999.8883986
2020-11-03 11:46:40,136 [INFO    ] 10196 10948 unicorn_binance_websocket_api_manager: BinanceWebSocketApiManager.create_stream({'aggTrade'}, ['btcusdt'], None, False, False) with stream_id=44899cf9-17e2-4fa7-9169-bc949c0d4461
2020-11-03 11:46:40,136 [INFO    ] 10196 10948 unicorn_binance_websocket_api_manager: BinanceWebSocketApiManager._add_stream_to_stream_list(44899cf9-17e2-4fa7-9169-bc949c0d4461, {'aggTrade'}, ['btcusdt'], None, False, False)
2020-11-03 11:46:40,139 [INFO    ] 10196 13040 unicorn_binance_websocket_api_socket: BinanceWebSocketApiSocket.start_socket(44899cf9-17e2-4fa7-9169-bc949c0d4461, {'aggTrade'}, ['btcusdt']) socket_id=e8eeacf7-39ff-43ec-8de4-61653a5029c0 recent_socket_id=e8eeacf7-39ff-43ec-8de4-61653a5029c0
2020-11-03 11:46:40,139 [INFO    ] 10196 13040 unicorn_binance_websocket_api_manager: BinanceWebSocketApiManager.subscribe_to_stream(44899cf9-17e2-4fa7-9169-bc949c0d4461, {'aggTrade'}, ['btcusdt']) started ...
2020-11-03 11:46:40,139 [INFO    ] 10196 13040 unicorn_binance_websocket_api_manager: BinanceWebSocketApiManager.create_payload(44899cf9-17e2-4fa7-9169-bc949c0d4461, ['aggTrade'], ['btcusdt']) started ...
2020-11-03 11:46:40,140 [INFO    ] 10196 13040 unicorn_binance_websocket_api_manager: BinanceWebSocketApiManager.create_payload(44899cf9-17e2-4fa7-9169-bc949c0d4461, ['aggTrade'], ['btcusdt']) Payload: [{'method': 'SUBSCRIBE', 'params': ['btcusdt@aggTrade'], 'id': 1}]
2020-11-03 11:46:40,140 [INFO    ] 10196 13040 unicorn_binance_websocket_api_manager: BinanceWebSocketApiManager.create_payload(44899cf9-17e2-4fa7-9169-bc949c0d4461, ['aggTrade'], ['btcusdt']) finished ...
2020-11-03 11:46:40,140 [INFO    ] 10196 13040 unicorn_binance_websocket_api_manager: BinanceWebSocketApiManager.subscribe_to_stream(44899cf9-17e2-4fa7-9169-bc949c0d4461, ['aggTrade'], ['btcusdt']) finished ...
2020-11-03 11:46:40,140 [INFO    ] 10196 13040 unicorn_binance_websocket_api_manager: BinanceWebSocketApiManager.create_websocket_uri({'aggTrade'}, ['btcusdt'], , False) - Created websocket URI for stream_id=44899cf9-17e2-4fa7-9169-bc949c0d4461 is wss://fstream.binance.com/stream?streams=btcusdt@aggTrade
2020-11-03 11:46:41,058 [INFO    ] 10196 13040 unicorn_binance_websocket_api_socket: BinanceWebSocketApiSocket.start_socket(44899cf9-17e2-4fa7-9169-bc949c0d4461, {'aggTrade'}, ['btcusdt'] socket_id=e8eeacf7-39ff-43ec-8de4-61653a5029c0 recent_socket_id=e8eeacf7-39ff-43ec-8de4-61653a5029c0 - Sending payload started ...
2020-11-03 11:46:41,058 [INFO    ] 10196 13040 unicorn_binance_websocket_api_socket: BinanceWebSocketApiSocket.start_socket(44899cf9-17e2-4fa7-9169-bc949c0d4461, {'aggTrade'}, ['btcusdt'] - Sending payload: {'method': 'SUBSCRIBE', 'params': ['btcusdt@aggTrade'], 'id': 1}
2020-11-03 11:46:41,395 [INFO    ] 10196 13040 unicorn_binance_websocket_api_socket: BinanceWebSocketApiSocket.start_socket(44899cf9-17e2-4fa7-9169-bc949c0d4461) - Received result message: {"id":1,"result":null}
2020-11-03 11:46:42,295 [INFO    ] 10196 14068 unicorn_binance_websocket_api_manager: BinanceWebSocketApiManager._frequent_checks() - reached new `highest_receiving_speed` 71 B/s at 2020-11-03, 16:46:42 UTC
2020-11-03 11:46:43,199 [INFO    ] 10196 14068 unicorn_binance_websocket_api_manager: BinanceWebSocketApiManager._frequent_checks() - reached new `highest_receiving_speed` 231 B/s at 2020-11-03, 16:46:43 UTC
2020-11-03 11:46:44,101 [INFO    ] 10196 14068 unicorn_binance_websocket_api_manager: BinanceWebSocketApiManager._frequent_checks() - reached new `highest_receiving_speed` 462 B/s at 2020-11-03, 16:46:44 UTC
2020-11-03 11:46:51,034 [INFO    ] 10196 14068 unicorn_binance_websocket_api_manager: BinanceWebSocketApiManager._frequent_checks() - reached new `highest_receiving_speed` 2.25 kB/s at 2020-11-03, 16:46:51 UTC
2020-11-03 11:46:54,045 [INFO    ] 10196 14068 unicorn_binance_websocket_api_manager: BinanceWebSocketApiManager._frequent_checks() - reached new `highest_receiving_speed` 3.15 kB/s at 2020-11-03, 16:46:54 UTC
2020-11-03 11:47:29,278 [INFO    ] 10196 14068 unicorn_binance_websocket_api_manager: BinanceWebSocketApiManager._frequent_checks() - reached new `highest_receiving_speed` 3.83 kB/s at 2020-11-03, 16:47:29 UTC
2020-11-03 11:48:54,203 [INFO    ] 10196 14068 unicorn_binance_websocket_api_manager: BinanceWebSocketApiManager._frequent_checks() - reached new `highest_receiving_speed` 5.86 kB/s at 2020-11-03, 16:48:54 UTC
2020-11-03 11:49:08,080 [INFO    ] 10196 14068 unicorn_binance_websocket_api_manager: BinanceWebSocketApiManager._frequent_checks() - reached new `highest_receiving_speed` 6.09 kB/s at 2020-11-03, 16:49:08 UTC
2020-11-03 11:49:31,267 [INFO    ] 10196 14068 unicorn_binance_websocket_api_manager: BinanceWebSocketApiManager._frequent_checks() - reached new `highest_receiving_speed` 10.38 kB/s at 2020-11-03, 16:49:31 UTC
2020-11-03 11:54:35,246 [INFO    ] 4940 9556 unicorn_binance_websocket_api_manager: New instance of unicorn-binance-websocket-api_1.26.0-python_3.7.6 started ...
2020-11-03 11:54:35,247 [INFO    ] 4940 18172 unicorn_binance_websocket_api_manager: BinanceWebSocketApiManager._frequent_checks() new instance created with frequent_checks_id=1604422475.2472522
2020-11-03 11:54:35,247 [INFO    ] 4940 19188 unicorn_binance_websocket_api_manager: BinanceWebSocketApiManager._keepalive_streams() new instance created with keepalive_streams_id=1604422475.2472522
2020-11-03 11:54:35,592 [INFO    ] 4940 9556 unicorn_binance_websocket_api_manager: BinanceWebSocketApiManager.create_stream({'aggTrade'}, ['btcusdt'], None, False, False) with stream_id=459d520c-5d13-47da-9a63-0b73f4e37eaa
2020-11-03 11:54:35,593 [INFO    ] 4940 9556 unicorn_binance_websocket_api_manager: BinanceWebSocketApiManager._add_stream_to_stream_list(459d520c-5d13-47da-9a63-0b73f4e37eaa, {'aggTrade'}, ['btcusdt'], None, False, False)
2020-11-03 11:54:35,595 [INFO    ] 4940 18408 unicorn_binance_websocket_api_socket: BinanceWebSocketApiSocket.start_socket(459d520c-5d13-47da-9a63-0b73f4e37eaa, {'aggTrade'}, ['btcusdt']) socket_id=0a6f6964-9a82-4ef8-9777-2f59a29e290e recent_socket_id=0a6f6964-9a82-4ef8-9777-2f59a29e290e
2020-11-03 11:54:35,596 [INFO    ] 4940 18408 unicorn_binance_websocket_api_manager: BinanceWebSocketApiManager.subscribe_to_stream(459d520c-5d13-47da-9a63-0b73f4e37eaa, {'aggTrade'}, ['btcusdt']) started ...
2020-11-03 11:54:35,596 [INFO    ] 4940 18408 unicorn_binance_websocket_api_manager: BinanceWebSocketApiManager.create_payload(459d520c-5d13-47da-9a63-0b73f4e37eaa, ['aggTrade'], ['btcusdt']) started ...
2020-11-03 11:54:35,596 [INFO    ] 4940 18408 unicorn_binance_websocket_api_manager: BinanceWebSocketApiManager.create_payload(459d520c-5d13-47da-9a63-0b73f4e37eaa, ['aggTrade'], ['btcusdt']) Payload: [{'method': 'SUBSCRIBE', 'params': ['btcusdt@aggTrade'], 'id': 1}]
2020-11-03 11:54:35,597 [INFO    ] 4940 18408 unicorn_binance_websocket_api_manager: BinanceWebSocketApiManager.create_payload(459d520c-5d13-47da-9a63-0b73f4e37eaa, ['aggTrade'], ['btcusdt']) finished ...
2020-11-03 11:54:35,597 [INFO    ] 4940 18408 unicorn_binance_websocket_api_manager: BinanceWebSocketApiManager.subscribe_to_stream(459d520c-5d13-47da-9a63-0b73f4e37eaa, ['aggTrade'], ['btcusdt']) finished ...
2020-11-03 11:54:35,598 [INFO    ] 4940 18408 unicorn_binance_websocket_api_manager: BinanceWebSocketApiManager.create_websocket_uri({'aggTrade'}, ['btcusdt'], , False) - Created websocket URI for stream_id=459d520c-5d13-47da-9a63-0b73f4e37eaa is wss://fstream.binance.com/stream?streams=btcusdt@aggTrade
2020-11-03 11:54:36,490 [INFO    ] 4940 18408 unicorn_binance_websocket_api_socket: BinanceWebSocketApiSocket.start_socket(459d520c-5d13-47da-9a63-0b73f4e37eaa, {'aggTrade'}, ['btcusdt'] socket_id=0a6f6964-9a82-4ef8-9777-2f59a29e290e recent_socket_id=0a6f6964-9a82-4ef8-9777-2f59a29e290e - Sending payload started ...
2020-11-03 11:54:36,490 [INFO    ] 4940 18408 unicorn_binance_websocket_api_socket: BinanceWebSocketApiSocket.start_socket(459d520c-5d13-47da-9a63-0b73f4e37eaa, {'aggTrade'}, ['btcusdt'] - Sending payload: {'method': 'SUBSCRIBE', 'params': ['btcusdt@aggTrade'], 'id': 1}
2020-11-03 11:54:36,827 [INFO    ] 4940 18408 unicorn_binance_websocket_api_socket: BinanceWebSocketApiSocket.start_socket(459d520c-5d13-47da-9a63-0b73f4e37eaa) - Received result message: {"id":1,"result":null}
2020-11-03 11:54:37,053 [INFO    ] 4940 18172 unicorn_binance_websocket_api_manager: BinanceWebSocketApiManager._frequent_checks() - reached new `highest_receiving_speed` 1.19 kB/s at 2020-11-03, 16:54:37 UTC
2020-11-03 11:54:38,259 [INFO    ] 4940 18172 unicorn_binance_websocket_api_manager: BinanceWebSocketApiManager._frequent_checks() - reached new `highest_receiving_speed` 2.48 kB/s at 2020-11-03, 16:54:38 UTC
2020-11-03 11:54:55,123 [INFO    ] 4940 18172 unicorn_binance_websocket_api_manager: BinanceWebSocketApiManager._frequent_checks() - reached new `highest_receiving_speed` 4.27 kB/s at 2020-11-03, 16:54:55 UTC
2020-11-03 11:54:57,231 [INFO    ] 4940 18172 unicorn_binance_websocket_api_manager: BinanceWebSocketApiManager._frequent_checks() - reached new `highest_receiving_speed` 4.72 kB/s at 2020-11-03, 16:54:57 UTC
2020-11-03 11:55:26,699 [INFO    ] 14328 15500 unicorn_binance_websocket_api_manager: New instance of unicorn-binance-websocket-api_1.26.0-python_3.7.6 started ...
2020-11-03 11:55:26,700 [INFO    ] 14328 17360 unicorn_binance_websocket_api_manager: BinanceWebSocketApiManager._frequent_checks() new instance created with frequent_checks_id=1604422526.700672
2020-11-03 11:55:26,701 [INFO    ] 14328 2848 unicorn_binance_websocket_api_manager: BinanceWebSocketApiManager._keepalive_streams() new instance created with keepalive_streams_id=1604422526.7016768
2020-11-03 11:55:26,930 [INFO    ] 14328 15500 unicorn_binance_websocket_api_manager: BinanceWebSocketApiManager.create_stream({'aggTrade'}, ['btcusdt'], None, False, False) with stream_id=d085c3dd-45bc-4cd1-b681-830b8fd1ea5f
2020-11-03 11:55:26,930 [INFO    ] 14328 15500 unicorn_binance_websocket_api_manager: BinanceWebSocketApiManager._add_stream_to_stream_list(d085c3dd-45bc-4cd1-b681-830b8fd1ea5f, {'aggTrade'}, ['btcusdt'], None, False, False)
2020-11-03 11:55:26,933 [INFO    ] 14328 1496 unicorn_binance_websocket_api_socket: BinanceWebSocketApiSocket.start_socket(d085c3dd-45bc-4cd1-b681-830b8fd1ea5f, {'aggTrade'}, ['btcusdt']) socket_id=0bbbb93f-06b0-4608-b157-6168ee840898 recent_socket_id=0bbbb93f-06b0-4608-b157-6168ee840898
2020-11-03 11:55:26,934 [INFO    ] 14328 1496 unicorn_binance_websocket_api_manager: BinanceWebSocketApiManager.subscribe_to_stream(d085c3dd-45bc-4cd1-b681-830b8fd1ea5f, {'aggTrade'}, ['btcusdt']) started ...
2020-11-03 11:55:26,935 [INFO    ] 14328 1496 unicorn_binance_websocket_api_manager: BinanceWebSocketApiManager.create_payload(d085c3dd-45bc-4cd1-b681-830b8fd1ea5f, ['aggTrade'], ['btcusdt']) started ...
2020-11-03 11:55:26,935 [INFO    ] 14328 1496 unicorn_binance_websocket_api_manager: BinanceWebSocketApiManager.create_payload(d085c3dd-45bc-4cd1-b681-830b8fd1ea5f, ['aggTrade'], ['btcusdt']) Payload: [{'method': 'SUBSCRIBE', 'params': ['btcusdt@aggTrade'], 'id': 1}]
2020-11-03 11:55:26,935 [INFO    ] 14328 1496 unicorn_binance_websocket_api_manager: BinanceWebSocketApiManager.create_payload(d085c3dd-45bc-4cd1-b681-830b8fd1ea5f, ['aggTrade'], ['btcusdt']) finished ...
2020-11-03 11:55:26,935 [INFO    ] 14328 1496 unicorn_binance_websocket_api_manager: BinanceWebSocketApiManager.subscribe_to_stream(d085c3dd-45bc-4cd1-b681-830b8fd1ea5f, ['aggTrade'], ['btcusdt']) finished ...
2020-11-03 11:55:26,936 [INFO    ] 14328 1496 unicorn_binance_websocket_api_manager: BinanceWebSocketApiManager.create_websocket_uri({'aggTrade'}, ['btcusdt'], , False) - Created websocket URI for stream_id=d085c3dd-45bc-4cd1-b681-830b8fd1ea5f is wss://fstream.binance.com/stream?streams=btcusdt@aggTrade
2020-11-03 11:55:27,783 [INFO    ] 14328 1496 unicorn_binance_websocket_api_socket: BinanceWebSocketApiSocket.start_socket(d085c3dd-45bc-4cd1-b681-830b8fd1ea5f, {'aggTrade'}, ['btcusdt'] socket_id=0bbbb93f-06b0-4608-b157-6168ee840898 recent_socket_id=0bbbb93f-06b0-4608-b157-6168ee840898 - Sending payload started ...
2020-11-03 11:55:27,783 [INFO    ] 14328 1496 unicorn_binance_websocket_api_socket: BinanceWebSocketApiSocket.start_socket(d085c3dd-45bc-4cd1-b681-830b8fd1ea5f, {'aggTrade'}, ['btcusdt'] - Sending payload: {'method': 'SUBSCRIBE', 'params': ['btcusdt@aggTrade'], 'id': 1}
2020-11-03 11:55:28,120 [INFO    ] 14328 1496 unicorn_binance_websocket_api_socket: BinanceWebSocketApiSocket.start_socket(d085c3dd-45bc-4cd1-b681-830b8fd1ea5f) - Received result message: {"id":1,"result":null}
2020-11-03 11:55:29,112 [INFO    ] 14328 17360 unicorn_binance_websocket_api_manager: BinanceWebSocketApiManager._frequent_checks() - reached new `highest_receiving_speed` 994 B/s at 2020-11-03, 16:55:29 UTC
2020-11-03 11:55:34,232 [INFO    ] 14328 17360 unicorn_binance_websocket_api_manager: BinanceWebSocketApiManager._frequent_checks() - reached new `highest_receiving_speed` 1.58 kB/s at 2020-11-03, 16:55:34 UTC
2020-11-03 11:56:15,188 [INFO    ] 14328 17360 unicorn_binance_websocket_api_manager: BinanceWebSocketApiManager._frequent_checks() - reached new `highest_receiving_speed` 2.26 kB/s at 2020-11-03, 16:56:15 UTC
2020-11-03 11:56:24,250 [INFO    ] 4940 18172 unicorn_binance_websocket_api_manager: BinanceWebSocketApiManager._frequent_checks() - reached new `highest_receiving_speed` 5.87 kB/s at 2020-11-03, 16:56:24 UTC
2020-11-03 11:57:18,298 [INFO    ] 18980 6692 unicorn_binance_websocket_api_manager: New instance of unicorn-binance-websocket-api_1.26.0-python_3.7.6 started ...
2020-11-03 11:57:18,299 [INFO    ] 18980 3720 unicorn_binance_websocket_api_manager: BinanceWebSocketApiManager._frequent_checks() new instance created with frequent_checks_id=1604422638.2998748
2020-11-03 11:57:18,300 [INFO    ] 18980 19440 unicorn_binance_websocket_api_manager: BinanceWebSocketApiManager._keepalive_streams() new instance created with keepalive_streams_id=1604422638.300875
2020-11-03 11:57:18,570 [INFO    ] 18980 6692 unicorn_binance_websocket_api_manager: BinanceWebSocketApiManager.create_stream({'aggTrade'}, ['btcusdt'], None, False, False) with stream_id=7ed58dea-607a-4ed8-bf9d-ca5c3c31183f
2020-11-03 11:57:18,571 [INFO    ] 18980 6692 unicorn_binance_websocket_api_manager: BinanceWebSocketApiManager._add_stream_to_stream_list(7ed58dea-607a-4ed8-bf9d-ca5c3c31183f, {'aggTrade'}, ['btcusdt'], None, False, False)
2020-11-03 11:57:18,574 [INFO    ] 18980 18988 unicorn_binance_websocket_api_socket: BinanceWebSocketApiSocket.start_socket(7ed58dea-607a-4ed8-bf9d-ca5c3c31183f, {'aggTrade'}, ['btcusdt']) socket_id=3ea88a47-d11f-466e-9c2e-6cac9b13334a recent_socket_id=3ea88a47-d11f-466e-9c2e-6cac9b13334a
2020-11-03 11:57:18,574 [INFO    ] 18980 18988 unicorn_binance_websocket_api_manager: BinanceWebSocketApiManager.subscribe_to_stream(7ed58dea-607a-4ed8-bf9d-ca5c3c31183f, {'aggTrade'}, ['btcusdt']) started ...
2020-11-03 11:57:18,575 [INFO    ] 18980 18988 unicorn_binance_websocket_api_manager: BinanceWebSocketApiManager.create_payload(7ed58dea-607a-4ed8-bf9d-ca5c3c31183f, ['aggTrade'], ['btcusdt']) started ...
2020-11-03 11:57:18,575 [INFO    ] 18980 18988 unicorn_binance_websocket_api_manager: BinanceWebSocketApiManager.create_payload(7ed58dea-607a-4ed8-bf9d-ca5c3c31183f, ['aggTrade'], ['btcusdt']) Payload: [{'method': 'SUBSCRIBE', 'params': ['btcusdt@aggTrade'], 'id': 1}]
2020-11-03 11:57:18,576 [INFO    ] 18980 18988 unicorn_binance_websocket_api_manager: BinanceWebSocketApiManager.create_payload(7ed58dea-607a-4ed8-bf9d-ca5c3c31183f, ['aggTrade'], ['btcusdt']) finished ...
2020-11-03 11:57:18,576 [INFO    ] 18980 18988 unicorn_binance_websocket_api_manager: BinanceWebSocketApiManager.subscribe_to_stream(7ed58dea-607a-4ed8-bf9d-ca5c3c31183f, ['aggTrade'], ['btcusdt']) finished ...
2020-11-03 11:57:18,576 [INFO    ] 18980 18988 unicorn_binance_websocket_api_manager: BinanceWebSocketApiManager.create_websocket_uri({'aggTrade'}, ['btcusdt'], , False) - Created websocket URI for stream_id=7ed58dea-607a-4ed8-bf9d-ca5c3c31183f is wss://fstream.binance.com/stream?streams=btcusdt@aggTrade
2020-11-03 11:57:19,414 [INFO    ] 18980 18988 unicorn_binance_websocket_api_socket: BinanceWebSocketApiSocket.start_socket(7ed58dea-607a-4ed8-bf9d-ca5c3c31183f, {'aggTrade'}, ['btcusdt'] socket_id=3ea88a47-d11f-466e-9c2e-6cac9b13334a recent_socket_id=3ea88a47-d11f-466e-9c2e-6cac9b13334a - Sending payload started ...
2020-11-03 11:57:19,414 [INFO    ] 18980 18988 unicorn_binance_websocket_api_socket: BinanceWebSocketApiSocket.start_socket(7ed58dea-607a-4ed8-bf9d-ca5c3c31183f, {'aggTrade'}, ['btcusdt'] - Sending payload: {'method': 'SUBSCRIBE', 'params': ['btcusdt@aggTrade'], 'id': 1}
2020-11-03 11:57:19,751 [INFO    ] 18980 18988 unicorn_binance_websocket_api_socket: BinanceWebSocketApiSocket.start_socket(7ed58dea-607a-4ed8-bf9d-ca5c3c31183f) - Received result message: {"id":1,"result":null}
2020-11-03 11:57:20,105 [INFO    ] 18980 3720 unicorn_binance_websocket_api_manager: BinanceWebSocketApiManager._frequent_checks() - reached new `highest_receiving_speed` 71 B/s at 2020-11-03, 16:57:20 UTC
2020-11-03 11:57:21,009 [INFO    ] 18980 3720 unicorn_binance_websocket_api_manager: BinanceWebSocketApiManager._frequent_checks() - reached new `highest_receiving_speed` 230 B/s at 2020-11-03, 16:57:21 UTC
2020-11-03 11:57:22,213 [INFO    ] 18980 3720 unicorn_binance_websocket_api_manager: BinanceWebSocketApiManager._frequent_checks() - reached new `highest_receiving_speed` 2.02 kB/s at 2020-11-03, 16:57:22 UTC
2020-11-03 11:57:52,036 [INFO    ] 18980 3720 unicorn_binance_websocket_api_manager: BinanceWebSocketApiManager._frequent_checks() - reached new `highest_receiving_speed` 6.09 kB/s at 2020-11-03, 16:57:52 UTC
2020-11-03 11:58:37,588 [INFO    ] 12284 17032 unicorn_binance_websocket_api_manager: New instance of unicorn-binance-websocket-api_1.26.0-python_3.7.6 started ...
2020-11-03 11:58:37,589 [INFO    ] 12284 13332 unicorn_binance_websocket_api_manager: BinanceWebSocketApiManager._frequent_checks() new instance created with frequent_checks_id=1604422717.5895631
2020-11-03 11:58:37,589 [INFO    ] 12284 8832 unicorn_binance_websocket_api_manager: BinanceWebSocketApiManager._keepalive_streams() new instance created with keepalive_streams_id=1604422717.5895631
2020-11-03 11:58:37,885 [INFO    ] 12284 17032 unicorn_binance_websocket_api_manager: BinanceWebSocketApiManager.create_stream({'aggTrade'}, ['btcusdt'], None, False, False) with stream_id=ecc8eac2-54c9-45db-8bfd-d78324722544
2020-11-03 11:58:37,886 [INFO    ] 12284 17032 unicorn_binance_websocket_api_manager: BinanceWebSocketApiManager._add_stream_to_stream_list(ecc8eac2-54c9-45db-8bfd-d78324722544, {'aggTrade'}, ['btcusdt'], None, False, False)
2020-11-03 11:58:37,889 [INFO    ] 12284 16304 unicorn_binance_websocket_api_socket: BinanceWebSocketApiSocket.start_socket(ecc8eac2-54c9-45db-8bfd-d78324722544, {'aggTrade'}, ['btcusdt']) socket_id=f295c917-4c32-46bc-8ca1-599c42906ed2 recent_socket_id=f295c917-4c32-46bc-8ca1-599c42906ed2
2020-11-03 11:58:37,889 [INFO    ] 12284 16304 unicorn_binance_websocket_api_manager: BinanceWebSocketApiManager.subscribe_to_stream(ecc8eac2-54c9-45db-8bfd-d78324722544, {'aggTrade'}, ['btcusdt']) started ...
2020-11-03 11:58:37,891 [INFO    ] 12284 16304 unicorn_binance_websocket_api_manager: BinanceWebSocketApiManager.create_payload(ecc8eac2-54c9-45db-8bfd-d78324722544, ['aggTrade'], ['btcusdt']) started ...
2020-11-03 11:58:37,891 [INFO    ] 12284 16304 unicorn_binance_websocket_api_manager: BinanceWebSocketApiManager.create_payload(ecc8eac2-54c9-45db-8bfd-d78324722544, ['aggTrade'], ['btcusdt']) Payload: [{'method': 'SUBSCRIBE', 'params': ['btcusdt@aggTrade'], 'id': 1}]
2020-11-03 11:58:37,891 [INFO    ] 12284 16304 unicorn_binance_websocket_api_manager: BinanceWebSocketApiManager.create_payload(ecc8eac2-54c9-45db-8bfd-d78324722544, ['aggTrade'], ['btcusdt']) finished ...
2020-11-03 11:58:37,892 [INFO    ] 12284 16304 unicorn_binance_websocket_api_manager: BinanceWebSocketApiManager.subscribe_to_stream(ecc8eac2-54c9-45db-8bfd-d78324722544, ['aggTrade'], ['btcusdt']) finished ...
2020-11-03 11:58:37,892 [INFO    ] 12284 16304 unicorn_binance_websocket_api_manager: BinanceWebSocketApiManager.create_websocket_uri({'aggTrade'}, ['btcusdt'], , False) - Created websocket URI for stream_id=ecc8eac2-54c9-45db-8bfd-d78324722544 is wss://fstream.binance.com/stream?streams=btcusdt@aggTrade
2020-11-03 11:58:38,786 [INFO    ] 12284 16304 unicorn_binance_websocket_api_socket: BinanceWebSocketApiSocket.start_socket(ecc8eac2-54c9-45db-8bfd-d78324722544, {'aggTrade'}, ['btcusdt'] socket_id=f295c917-4c32-46bc-8ca1-599c42906ed2 recent_socket_id=f295c917-4c32-46bc-8ca1-599c42906ed2 - Sending payload started ...
2020-11-03 11:58:38,786 [INFO    ] 12284 16304 unicorn_binance_websocket_api_socket: BinanceWebSocketApiSocket.start_socket(ecc8eac2-54c9-45db-8bfd-d78324722544, {'aggTrade'}, ['btcusdt'] - Sending payload: {'method': 'SUBSCRIBE', 'params': ['btcusdt@aggTrade'], 'id': 1}
2020-11-03 11:58:39,124 [INFO    ] 12284 16304 unicorn_binance_websocket_api_socket: BinanceWebSocketApiSocket.start_socket(ecc8eac2-54c9-45db-8bfd-d78324722544) - Received result message: {"id":1,"result":null}
2020-11-03 11:58:40,004 [INFO    ] 12284 13332 unicorn_binance_websocket_api_manager: BinanceWebSocketApiManager._frequent_checks() - reached new `highest_receiving_speed` 761 B/s at 2020-11-03, 16:58:40 UTC
2020-11-03 11:59:25,931 [INFO    ] 10384 6112 unicorn_binance_websocket_api_manager: New instance of unicorn-binance-websocket-api_1.26.0-python_3.7.6 started ...
2020-11-03 11:59:25,932 [INFO    ] 10384 14728 unicorn_binance_websocket_api_manager: BinanceWebSocketApiManager._frequent_checks() new instance created with frequent_checks_id=1604422765.9326751
2020-11-03 11:59:25,933 [INFO    ] 10384 19272 unicorn_binance_websocket_api_manager: BinanceWebSocketApiManager._keepalive_streams() new instance created with keepalive_streams_id=1604422765.9336762
2020-11-03 11:59:26,153 [INFO    ] 10384 6112 unicorn_binance_websocket_api_manager: BinanceWebSocketApiManager.create_stream({'aggTrade'}, ['btcusdt'], None, False, False) with stream_id=4ff4737a-7af7-41bc-89df-365facb76a7b
2020-11-03 11:59:26,154 [INFO    ] 10384 6112 unicorn_binance_websocket_api_manager: BinanceWebSocketApiManager._add_stream_to_stream_list(4ff4737a-7af7-41bc-89df-365facb76a7b, {'aggTrade'}, ['btcusdt'], None, False, False)
2020-11-03 11:59:26,156 [INFO    ] 10384 13296 unicorn_binance_websocket_api_socket: BinanceWebSocketApiSocket.start_socket(4ff4737a-7af7-41bc-89df-365facb76a7b, {'aggTrade'}, ['btcusdt']) socket_id=99831d67-53f2-48da-be9c-38c4ce331b54 recent_socket_id=99831d67-53f2-48da-be9c-38c4ce331b54
2020-11-03 11:59:26,157 [INFO    ] 10384 13296 unicorn_binance_websocket_api_manager: BinanceWebSocketApiManager.subscribe_to_stream(4ff4737a-7af7-41bc-89df-365facb76a7b, {'aggTrade'}, ['btcusdt']) started ...
2020-11-03 11:59:26,157 [INFO    ] 10384 13296 unicorn_binance_websocket_api_manager: BinanceWebSocketApiManager.create_payload(4ff4737a-7af7-41bc-89df-365facb76a7b, ['aggTrade'], ['btcusdt']) started ...
2020-11-03 11:59:26,158 [INFO    ] 10384 13296 unicorn_binance_websocket_api_manager: BinanceWebSocketApiManager.create_payload(4ff4737a-7af7-41bc-89df-365facb76a7b, ['aggTrade'], ['btcusdt']) Payload: [{'method': 'SUBSCRIBE', 'params': ['btcusdt@aggTrade'], 'id': 1}]
2020-11-03 11:59:26,158 [INFO    ] 10384 13296 unicorn_binance_websocket_api_manager: BinanceWebSocketApiManager.create_payload(4ff4737a-7af7-41bc-89df-365facb76a7b, ['aggTrade'], ['btcusdt']) finished ...
2020-11-03 11:59:26,158 [INFO    ] 10384 13296 unicorn_binance_websocket_api_manager: BinanceWebSocketApiManager.subscribe_to_stream(4ff4737a-7af7-41bc-89df-365facb76a7b, ['aggTrade'], ['btcusdt']) finished ...
2020-11-03 11:59:26,159 [INFO    ] 10384 13296 unicorn_binance_websocket_api_manager: BinanceWebSocketApiManager.create_websocket_uri({'aggTrade'}, ['btcusdt'], , False) - Created websocket URI for stream_id=4ff4737a-7af7-41bc-89df-365facb76a7b is wss://fstream.binance.com/stream?streams=btcusdt@aggTrade
2020-11-03 11:59:26,973 [INFO    ] 10384 13296 unicorn_binance_websocket_api_socket: BinanceWebSocketApiSocket.start_socket(4ff4737a-7af7-41bc-89df-365facb76a7b, {'aggTrade'}, ['btcusdt'] socket_id=99831d67-53f2-48da-be9c-38c4ce331b54 recent_socket_id=99831d67-53f2-48da-be9c-38c4ce331b54 - Sending payload started ...
2020-11-03 11:59:26,973 [INFO    ] 10384 13296 unicorn_binance_websocket_api_socket: BinanceWebSocketApiSocket.start_socket(4ff4737a-7af7-41bc-89df-365facb76a7b, {'aggTrade'}, ['btcusdt'] - Sending payload: {'method': 'SUBSCRIBE', 'params': ['btcusdt@aggTrade'], 'id': 1}
2020-11-03 11:59:27,310 [INFO    ] 10384 13296 unicorn_binance_websocket_api_socket: BinanceWebSocketApiSocket.start_socket(4ff4737a-7af7-41bc-89df-365facb76a7b) - Received result message: {"id":1,"result":null}
2020-11-03 11:59:28,039 [INFO    ] 10384 14728 unicorn_binance_websocket_api_manager: BinanceWebSocketApiManager._frequent_checks() - reached new `highest_receiving_speed` 532 B/s at 2020-11-03, 16:59:28 UTC
2020-11-03 11:59:29,245 [INFO    ] 10384 14728 unicorn_binance_websocket_api_manager: BinanceWebSocketApiManager._frequent_checks() - reached new `highest_receiving_speed` 693 B/s at 2020-11-03, 16:59:29 UTC
2020-11-03 11:59:32,256 [INFO    ] 10384 14728 unicorn_binance_websocket_api_manager: BinanceWebSocketApiManager._frequent_checks() - reached new `highest_receiving_speed` 923 B/s at 2020-11-03, 16:59:32 UTC
2020-11-03 11:59:38,279 [INFO    ] 10384 14728 unicorn_binance_websocket_api_manager: BinanceWebSocketApiManager._frequent_checks() - reached new `highest_receiving_speed` 924 B/s at 2020-11-03, 16:59:38 UTC
2020-11-03 11:59:44,298 [INFO    ] 10384 14728 unicorn_binance_websocket_api_manager: BinanceWebSocketApiManager._frequent_checks() - reached new `highest_receiving_speed` 1.12 kB/s at 2020-11-03, 16:59:44 UTC
2020-11-03 11:59:54,232 [INFO    ] 10384 14728 unicorn_binance_websocket_api_manager: BinanceWebSocketApiManager._frequent_checks() - reached new `highest_receiving_speed` 4.49 kB/s at 2020-11-03, 16:59:54 UTC
2020-11-03 12:01:08,300 [INFO    ] 10384 14728 unicorn_binance_websocket_api_manager: BinanceWebSocketApiManager._frequent_checks() - reached new `highest_receiving_speed` 8.11 kB/s at 2020-11-03, 17:01:08 UTC
2020-11-03 12:01:32,082 [INFO    ] 10384 14728 unicorn_binance_websocket_api_manager: BinanceWebSocketApiManager._frequent_checks() - reached new `highest_receiving_speed` 22.32 kB/s at 2020-11-03, 17:01:32 UTC
2020-11-03 12:05:00,240 [INFO    ] 5440 10172 unicorn_binance_websocket_api_manager: New instance of unicorn-binance-websocket-api_1.26.0-python_3.7.6 started ...
2020-11-03 12:05:00,241 [INFO    ] 5440 12920 unicorn_binance_websocket_api_manager: BinanceWebSocketApiManager._frequent_checks() new instance created with frequent_checks_id=1604423100.2411375
2020-11-03 12:05:00,242 [INFO    ] 5440 9260 unicorn_binance_websocket_api_manager: BinanceWebSocketApiManager._keepalive_streams() new instance created with keepalive_streams_id=1604423100.242138
2020-11-03 12:05:00,558 [INFO    ] 5440 10172 unicorn_binance_websocket_api_manager: BinanceWebSocketApiManager.create_stream({'kline_1m', 'aggTrade'}, ['btcusdt'], None, False, False) with stream_id=e9d3013f-cb41-4f2c-beaf-37d4a3073dbc
2020-11-03 12:05:00,558 [INFO    ] 5440 10172 unicorn_binance_websocket_api_manager: BinanceWebSocketApiManager._add_stream_to_stream_list(e9d3013f-cb41-4f2c-beaf-37d4a3073dbc, {'kline_1m', 'aggTrade'}, ['btcusdt'], None, False, False)
2020-11-03 12:05:00,561 [INFO    ] 5440 1776 unicorn_binance_websocket_api_socket: BinanceWebSocketApiSocket.start_socket(e9d3013f-cb41-4f2c-beaf-37d4a3073dbc, {'kline_1m', 'aggTrade'}, ['btcusdt']) socket_id=4533cf1e-a889-42fb-970d-2e74ac77ad82 recent_socket_id=4533cf1e-a889-42fb-970d-2e74ac77ad82
2020-11-03 12:05:00,562 [INFO    ] 5440 1776 unicorn_binance_websocket_api_manager: BinanceWebSocketApiManager.subscribe_to_stream(e9d3013f-cb41-4f2c-beaf-37d4a3073dbc, {'kline_1m', 'aggTrade'}, ['btcusdt']) started ...
2020-11-03 12:05:00,562 [INFO    ] 5440 1776 unicorn_binance_websocket_api_manager: BinanceWebSocketApiManager.create_payload(e9d3013f-cb41-4f2c-beaf-37d4a3073dbc, ['kline_1m', 'aggTrade'], ['btcusdt']) started ...
2020-11-03 12:05:00,562 [INFO    ] 5440 1776 unicorn_binance_websocket_api_manager: BinanceWebSocketApiManager.create_payload(e9d3013f-cb41-4f2c-beaf-37d4a3073dbc, ['kline_1m', 'aggTrade'], ['btcusdt']) Payload: [{'method': 'SUBSCRIBE', 'params': ['btcusdt@kline_1m', 'btcusdt@aggTrade'], 'id': 1}]
2020-11-03 12:05:00,563 [INFO    ] 5440 1776 unicorn_binance_websocket_api_manager: BinanceWebSocketApiManager.create_payload(e9d3013f-cb41-4f2c-beaf-37d4a3073dbc, ['kline_1m', 'aggTrade'], ['btcusdt']) finished ...
2020-11-03 12:05:00,563 [INFO    ] 5440 1776 unicorn_binance_websocket_api_manager: BinanceWebSocketApiManager.subscribe_to_stream(e9d3013f-cb41-4f2c-beaf-37d4a3073dbc, ['kline_1m', 'aggTrade'], ['btcusdt']) finished ...
2020-11-03 12:05:00,563 [INFO    ] 5440 1776 unicorn_binance_websocket_api_manager: BinanceWebSocketApiManager.create_websocket_uri({'kline_1m', 'aggTrade'}, ['btcusdt'], , False) - Created websocket URI for stream_id=e9d3013f-cb41-4f2c-beaf-37d4a3073dbc is wss://fstream.binance.com/stream?streams=btcusdt@aggTrade
2020-11-03 12:05:01,587 [INFO    ] 5440 1776 unicorn_binance_websocket_api_socket: BinanceWebSocketApiSocket.start_socket(e9d3013f-cb41-4f2c-beaf-37d4a3073dbc, {'kline_1m', 'aggTrade'}, ['btcusdt'] socket_id=4533cf1e-a889-42fb-970d-2e74ac77ad82 recent_socket_id=4533cf1e-a889-42fb-970d-2e74ac77ad82 - Sending payload started ...
2020-11-03 12:05:01,588 [INFO    ] 5440 1776 unicorn_binance_websocket_api_socket: BinanceWebSocketApiSocket.start_socket(e9d3013f-cb41-4f2c-beaf-37d4a3073dbc, {'kline_1m', 'aggTrade'}, ['btcusdt'] - Sending payload: {'method': 'SUBSCRIBE', 'params': ['btcusdt@kline_1m', 'btcusdt@aggTrade'], 'id': 1}
2020-11-03 12:05:01,923 [INFO    ] 5440 1776 unicorn_binance_websocket_api_socket: BinanceWebSocketApiSocket.start_socket(e9d3013f-cb41-4f2c-beaf-37d4a3073dbc) - Received result message: {"id":1,"result":null}
2020-11-03 12:05:02,046 [INFO    ] 5440 12920 unicorn_binance_websocket_api_manager: BinanceWebSocketApiManager._frequent_checks() - reached new `highest_receiving_speed` 71 B/s at 2020-11-03, 17:05:02 UTC
2020-11-03 12:05:03,250 [INFO    ] 5440 12920 unicorn_binance_websocket_api_manager: BinanceWebSocketApiManager._frequent_checks() - reached new `highest_receiving_speed` 1.17 kB/s at 2020-11-03, 17:05:03 UTC
2020-11-03 12:05:04,153 [INFO    ] 5440 12920 unicorn_binance_websocket_api_manager: BinanceWebSocketApiManager._frequent_checks() - reached new `highest_receiving_speed` 1.61 kB/s at 2020-11-03, 17:05:04 UTC
2020-11-03 12:05:05,057 [INFO    ] 5440 12920 unicorn_binance_websocket_api_manager: BinanceWebSocketApiManager._frequent_checks() - reached new `highest_receiving_speed` 2.52 kB/s at 2020-11-03, 17:05:05 UTC
2020-11-03 12:05:06,261 [INFO    ] 5440 12920 unicorn_binance_websocket_api_manager: BinanceWebSocketApiManager._frequent_checks() - reached new `highest_receiving_speed` 3.2 kB/s at 2020-11-03, 17:05:06 UTC
2020-11-03 12:05:13,185 [INFO    ] 5440 12920 unicorn_binance_websocket_api_manager: BinanceWebSocketApiManager._frequent_checks() - reached new `highest_receiving_speed` 3.96 kB/s at 2020-11-03, 17:05:13 UTC
2020-11-06 15:11:32,625 [INFO    ] 6228 19692 unicorn_binance_websocket_api_manager: New instance of unicorn-binance-websocket-api_1.26.0-python_3.7.6 started ...
2020-11-06 15:11:32,627 [INFO    ] 6228 10128 unicorn_binance_websocket_api_manager: BinanceWebSocketApiManager._frequent_checks() new instance created with frequent_checks_id=1604693492.6262324
2020-11-06 15:11:32,627 [INFO    ] 6228 14916 unicorn_binance_websocket_api_manager: BinanceWebSocketApiManager._keepalive_streams() new instance created with keepalive_streams_id=1604693492.6272311
2020-11-06 15:11:32,882 [INFO    ] 6228 19692 unicorn_binance_websocket_api_manager: BinanceWebSocketApiManager.create_stream({'aggTrade'}, ['btcusdt'], None, False, False) with stream_id=d2f72ce5-3e6a-434f-925d-130d0f38615c
2020-11-06 15:11:32,883 [INFO    ] 6228 19692 unicorn_binance_websocket_api_manager: BinanceWebSocketApiManager._add_stream_to_stream_list(d2f72ce5-3e6a-434f-925d-130d0f38615c, {'aggTrade'}, ['btcusdt'], None, False, False)
2020-11-06 15:11:32,884 [INFO    ] 6228 536 unicorn_binance_websocket_api_socket: BinanceWebSocketApiSocket.start_socket(d2f72ce5-3e6a-434f-925d-130d0f38615c, {'aggTrade'}, ['btcusdt']) socket_id=73da7546-50cb-4ad4-a3f9-e2953781d84e recent_socket_id=73da7546-50cb-4ad4-a3f9-e2953781d84e
2020-11-06 15:11:32,884 [INFO    ] 6228 536 unicorn_binance_websocket_api_manager: BinanceWebSocketApiManager.subscribe_to_stream(d2f72ce5-3e6a-434f-925d-130d0f38615c, {'aggTrade'}, ['btcusdt']) started ...
2020-11-06 15:11:32,884 [INFO    ] 6228 536 unicorn_binance_websocket_api_manager: BinanceWebSocketApiManager.create_payload(d2f72ce5-3e6a-434f-925d-130d0f38615c, ['aggTrade'], ['btcusdt']) started ...
2020-11-06 15:11:32,884 [INFO    ] 6228 536 unicorn_binance_websocket_api_manager: BinanceWebSocketApiManager.create_payload(d2f72ce5-3e6a-434f-925d-130d0f38615c, ['aggTrade'], ['btcusdt']) Payload: [{'method': 'SUBSCRIBE', 'params': ['btcusdt@aggTrade'], 'id': 1}]
2020-11-06 15:11:32,885 [INFO    ] 6228 536 unicorn_binance_websocket_api_manager: BinanceWebSocketApiManager.create_payload(d2f72ce5-3e6a-434f-925d-130d0f38615c, ['aggTrade'], ['btcusdt']) finished ...
2020-11-06 15:11:32,885 [INFO    ] 6228 536 unicorn_binance_websocket_api_manager: BinanceWebSocketApiManager.subscribe_to_stream(d2f72ce5-3e6a-434f-925d-130d0f38615c, ['aggTrade'], ['btcusdt']) finished ...
2020-11-06 15:11:32,885 [INFO    ] 6228 536 unicorn_binance_websocket_api_manager: BinanceWebSocketApiManager.create_websocket_uri({'aggTrade'}, ['btcusdt'], , False) - Created websocket URI for stream_id=d2f72ce5-3e6a-434f-925d-130d0f38615c is wss://fstream.binance.com/stream?streams=btcusdt@aggTrade
2020-11-06 15:11:33,732 [INFO    ] 6228 536 unicorn_binance_websocket_api_socket: BinanceWebSocketApiSocket.start_socket(d2f72ce5-3e6a-434f-925d-130d0f38615c, {'aggTrade'}, ['btcusdt'] socket_id=73da7546-50cb-4ad4-a3f9-e2953781d84e recent_socket_id=73da7546-50cb-4ad4-a3f9-e2953781d84e - Sending payload started ...
2020-11-06 15:11:33,732 [INFO    ] 6228 536 unicorn_binance_websocket_api_socket: BinanceWebSocketApiSocket.start_socket(d2f72ce5-3e6a-434f-925d-130d0f38615c, {'aggTrade'}, ['btcusdt'] - Sending payload: {'method': 'SUBSCRIBE', 'params': ['btcusdt@aggTrade'], 'id': 1}
2020-11-06 15:11:34,068 [INFO    ] 6228 536 unicorn_binance_websocket_api_socket: BinanceWebSocketApiSocket.start_socket(d2f72ce5-3e6a-434f-925d-130d0f38615c) - Received result message: {"id":1,"result":null}
2020-11-06 15:11:35,033 [INFO    ] 6228 10128 unicorn_binance_websocket_api_manager: BinanceWebSocketApiManager._frequent_checks() - reached new `highest_receiving_speed` 10.2 kB/s at 2020-11-06, 20:11:35 UTC
2020-11-06 15:11:39,248 [INFO    ] 6228 10128 unicorn_binance_websocket_api_manager: BinanceWebSocketApiManager._frequent_checks() - reached new `highest_receiving_speed` 13.27 kB/s at 2020-11-06, 20:11:39 UTC
2020-11-06 15:11:44,064 [INFO    ] 6228 10128 unicorn_binance_websocket_api_manager: BinanceWebSocketApiManager._frequent_checks() - reached new `highest_receiving_speed` 32.22 kB/s at 2020-11-06, 20:11:44 UTC
